<?xml version="1.0" encoding="UTF-8"?>
<testsuite name="com.ip.creational.singleton.DbSingletonDemo2Test" tests="1" skipped="0" failures="0" errors="0" timestamp="2020-07-10T19:41:55" hostname="DESKTOP-QA2NH3N" time="0.008">
  <properties/>
  <testcase name="dbSingletonDemo2Test" classname="com.ip.creational.singleton.DbSingletonDemo2Test" time="0.008"/>
  <system-out><![CDATA[com.ip.creational.singleton.DbSingleton2@670aa2aa
com.ip.creational.singleton.DbSingleton2@670aa2aa
]]></system-out>
  <system-err><![CDATA[]]></system-err>
</testsuite>
