<?xml version="1.0" encoding="UTF-8"?>
<testsuite name="com.ip.creational.builder.LunchOrderTeleDemoTest" tests="1" skipped="0" failures="0" errors="0" timestamp="2020-07-10T19:41:56" hostname="DESKTOP-QA2NH3N" time="0.0">
  <properties/>
  <testcase name="lunchOrderTeleTest" classname="com.ip.creational.builder.LunchOrderTeleDemoTest" time="0.0"/>
  <system-out><![CDATA[Wheat
Lettuce
Mustard
Ham
]]></system-out>
  <system-err><![CDATA[]]></system-err>
</testsuite>
